<?xml version="1.0" encoding="UTF-8"?>
<!-- Generated by org.testng.reporters.JUnitReportReporter -->
<testsuite hostname="LAPTOP-BDM6FK70" failures="0" tests="5" name="com.qa.mobile.tests.LoginTests" time="42.985" errors="0" timestamp="2023-06-22T19:40:35 IST" skipped="0">
  <testcase classname="com.qa.mobile.tests.LoginTests" name="invalidUsernamePassword" time="6.176"/>
  <testcase classname="com.qa.mobile.tests.LoginTests" name="lockedAccount" time="6.701"/>
  <testcase classname="com.qa.mobile.tests.LoginTests" name="invalidPassword" time="7.226"/>
  <testcase classname="com.qa.mobile.tests.LoginTests" name="validUsernamePassword" time="16.564"/>
  <testcase classname="com.qa.mobile.tests.LoginTests" name="invalidUsername" time="6.318"/>
</testsuite> <!-- com.qa.mobile.tests.LoginTests -->
