<?xml version="1.0" encoding="UTF-8"?>
<!-- Generated by org.testng.reporters.JUnitReportReporter -->
<testsuite hostname="LAPTOP-BDM6FK70" failures="0" tests="10" name="com.qa.mobile.tests.LoginTests" time="158.413" errors="0" timestamp="2023-07-06T21:18:06 IST" skipped="0">
  <testcase classname="com.qa.mobile.tests.LoginTests" name="invalidUsername" time="11.903"/>
  <testcase classname="com.qa.mobile.tests.LoginTests" name="invalidUsername" time="7.837"/>
  <testcase classname="com.qa.mobile.tests.LoginTests" name="invalidPassword" time="14.131"/>
  <testcase classname="com.qa.mobile.tests.LoginTests" name="invalidPassword" time="7.230"/>
  <testcase classname="com.qa.mobile.tests.LoginTests" name="invalidUsernamePassword" time="14.254"/>
  <testcase classname="com.qa.mobile.tests.LoginTests" name="invalidUsernamePassword" time="6.884"/>
  <testcase classname="com.qa.mobile.tests.LoginTests" name="lockedAccount" time="14.230"/>
  <testcase classname="com.qa.mobile.tests.LoginTests" name="lockedAccount" time="7.935"/>
  <testcase classname="com.qa.mobile.tests.LoginTests" name="validUsernamePassword" time="57.963"/>
  <testcase classname="com.qa.mobile.tests.LoginTests" name="validUsernamePassword" time="16.046"/>
</testsuite> <!-- com.qa.mobile.tests.LoginTests -->
