<?xml version="1.0" encoding="UTF-8"?>
<!-- Generated by org.testng.reporters.JUnitReportReporter -->
<testsuite hostname="LAPTOP-BDM6FK70" failures="0" tests="1" name="com.qa.mobile.tests.LoginTests" time="36.306" errors="0" timestamp="2023-07-25T20:25:38 IST" skipped="0">
  <testcase classname="com.qa.mobile.tests.LoginTests" name="validUsernamePassword" time="36.306"/>
</testsuite> <!-- com.qa.mobile.tests.LoginTests -->
