<?xml version="1.0" encoding="UTF-8"?>
<!-- Generated by org.testng.reporters.JUnitReportReporter -->
<testsuite hostname="LAPTOP-BDM6FK70" failures="0" tests="5" name="com.qa.mobile.tests.LoginTests" time="83.546" errors="0" timestamp="2023-07-13T00:09:53 IST" skipped="0">
  <testcase classname="com.qa.mobile.tests.LoginTests" name="invalidUsername" time="11.428"/>
  <testcase classname="com.qa.mobile.tests.LoginTests" name="invalidPassword" time="13.292"/>
  <testcase classname="com.qa.mobile.tests.LoginTests" name="invalidUsernamePassword" time="14.397"/>
  <testcase classname="com.qa.mobile.tests.LoginTests" name="lockedAccount" time="13.372"/>
  <testcase classname="com.qa.mobile.tests.LoginTests" name="validUsernamePassword" time="31.057"/>
</testsuite> <!-- com.qa.mobile.tests.LoginTests -->
