<?xml version="1.0" encoding="UTF-8"?>
<!-- Generated by org.testng.reporters.JUnitReportReporter -->
<testsuite hostname="LAPTOP-BDM6FK70" failures="0" tests="5" name="com.qa.mobile.tests.LoginTests" time="83.850" errors="0" timestamp="2023-07-04T21:21:28 IST" skipped="0">
  <testcase classname="com.qa.mobile.tests.LoginTests" name="lockedAccount" time="6.699"/>
  <testcase classname="com.qa.mobile.tests.LoginTests" name="validUsernamePassword" time="57.683"/>
  <testcase classname="com.qa.mobile.tests.LoginTests" name="invalidUsername" time="6.154"/>
  <testcase classname="com.qa.mobile.tests.LoginTests" name="invalidPassword" time="7.192"/>
  <testcase classname="com.qa.mobile.tests.LoginTests" name="invalidUsernamePassword" time="6.122"/>
</testsuite> <!-- com.qa.mobile.tests.LoginTests -->
